Jul 28 15:38:32 Updated: tzdata-2019b-1.el7.noarch
Jul 28 15:38:36 Updated: glibc-common-2.17-260.el7_6.6.x86_64
Jul 28 15:38:37 Updated: glibc-2.17-260.el7_6.6.x86_64
Jul 28 15:38:37 Updated: systemd-libs-219-62.el7_6.7.x86_64
Jul 28 15:38:39 Updated: systemd-219-62.el7_6.7.x86_64
Jul 28 15:38:41 Updated: python-libs-2.7.5-80.el7_6.x86_64
Jul 28 15:38:41 Updated: python-2.7.5-80.el7_6.x86_64
Jul 28 15:38:41 Updated: 7:device-mapper-libs-1.02.149-10.el7_6.8.x86_64
Jul 28 15:38:41 Updated: 7:device-mapper-1.02.149-10.el7_6.8.x86_64
Jul 28 15:38:42 Updated: kernel-tools-libs-3.10.0-957.21.3.el7.x86_64
Jul 28 15:38:42 Updated: libteam-1.27-6.el7_6.1.x86_64
Jul 28 15:38:42 Updated: 32:bind-license-9.9.4-74.el7_6.1.noarch
Jul 28 15:38:42 Updated: 32:bind-libs-lite-9.9.4-74.el7_6.1.x86_64
Jul 28 15:38:42 Updated: teamd-1.27-6.el7_6.1.x86_64
Jul 28 15:38:42 Updated: kernel-tools-3.10.0-957.21.3.el7.x86_64
Jul 28 15:38:42 Updated: python-perf-3.10.0-957.21.3.el7.x86_64
Jul 28 15:38:42 Updated: systemd-sysv-219-62.el7_6.7.x86_64
Jul 28 15:38:43 Updated: glib2-2.56.1-4.el7_6.x86_64
Jul 28 15:38:43 Updated: 2:vim-minimal-7.4.160-6.el7_6.x86_64
Jul 28 15:38:46 Installed: kernel-3.10.0-957.21.3.el7.x86_64
Jul 28 15:39:20 Installed: 1:perl-parent-0.225-244.el7.noarch
Jul 28 15:39:20 Installed: perl-HTTP-Tiny-0.033-3.el7.noarch
Jul 28 15:39:20 Installed: perl-podlators-2.5.1-3.el7.noarch
Jul 28 15:39:20 Installed: perl-Pod-Perldoc-3.20-4.el7.noarch
Jul 28 15:39:20 Installed: 1:perl-Pod-Escapes-1.04-294.el7_6.noarch
Jul 28 15:39:20 Installed: perl-Encode-2.51-7.el7.x86_64
Jul 28 15:39:20 Installed: perl-Text-ParseWords-3.29-4.el7.noarch
Jul 28 15:39:20 Installed: perl-Pod-Usage-1.63-3.el7.noarch
Jul 28 15:39:20 Installed: 4:perl-libs-5.16.3-294.el7_6.x86_64
Jul 28 15:39:20 Installed: 4:perl-macros-5.16.3-294.el7_6.x86_64
Jul 28 15:39:20 Installed: perl-Storable-2.45-3.el7.x86_64
Jul 28 15:39:20 Installed: perl-Exporter-5.68-3.el7.noarch
Jul 28 15:39:20 Installed: perl-constant-1.27-2.el7.noarch
Jul 28 15:39:20 Installed: perl-Time-Local-1.2300-2.el7.noarch
Jul 28 15:39:20 Installed: perl-Socket-2.010-4.el7.x86_64
Jul 28 15:39:20 Installed: perl-Carp-1.26-244.el7.noarch
Jul 28 15:39:20 Installed: 4:perl-Time-HiRes-1.9725-3.el7.x86_64
Jul 28 15:39:20 Installed: perl-PathTools-3.40-5.el7.x86_64
Jul 28 15:39:20 Installed: perl-Scalar-List-Utils-1.27-248.el7.x86_64
Jul 28 15:39:20 Installed: 1:perl-Pod-Simple-3.28-4.el7.noarch
Jul 28 15:39:20 Installed: perl-File-Temp-0.23.01-3.el7.noarch
Jul 28 15:39:20 Installed: perl-File-Path-2.09-2.el7.noarch
Jul 28 15:39:20 Installed: perl-threads-shared-1.43-6.el7.x86_64
Jul 28 15:39:21 Installed: perl-threads-1.87-4.el7.x86_64
Jul 28 15:39:21 Installed: perl-Filter-1.49-3.el7.x86_64
Jul 28 15:39:21 Installed: perl-Getopt-Long-2.40-3.el7.noarch
Jul 28 15:39:22 Installed: 4:perl-5.16.3-294.el7_6.x86_64
Jul 28 15:39:22 Installed: gpm-libs-1.20.7-5.el7.x86_64
Jul 28 15:39:23 Installed: 1:mc-4.8.7-11.el7.x86_64
Jul 28 15:39:23 Installed: nano-2.3.1-10.el7.x86_64
Jul 28 15:39:23 Installed: wget-1.14-18.el7_6.1.x86_64
Jul 28 15:39:25 Installed: zlib-devel-1.2.7-18.el7.x86_64
Jul 28 15:39:25 Installed: libcom_err-devel-1.42.9-13.el7.x86_64
Jul 28 15:39:25 Installed: libsepol-devel-2.5-10.el7.x86_64
Jul 28 15:39:26 Installed: pcre-devel-8.32-17.el7.x86_64
Jul 28 15:39:26 Installed: libselinux-devel-2.5-14.1.el7.x86_64
Jul 28 15:39:26 Installed: libkadm5-1.15.1-37.el7_6.x86_64
Jul 28 15:39:26 Installed: libverto-devel-0.2.5-4.el7.x86_64
Jul 28 15:39:26 Installed: keyutils-libs-devel-1.5.8-3.el7.x86_64
Jul 28 15:39:26 Installed: krb5-devel-1.15.1-37.el7_6.x86_64
Jul 28 15:39:27 Installed: 1:openssl-devel-1.0.2k-16.el7_6.1.x86_64
Jul 28 15:39:27 Installed: elfutils-libelf-devel-0.172-2.el7.x86_64
Jul 28 15:39:27 Installed: bc-1.06.95-13.el7.x86_64
Jul 28 15:39:41 Installed: mpfr-3.1.1-4.el7.x86_64
Jul 28 15:39:41 Installed: libmpc-1.0.1-3.el7.x86_64
Jul 28 15:39:41 Installed: libquadmath-4.8.5-36.el7_6.2.x86_64
Jul 28 15:39:41 Installed: apr-1.4.8-3.el7_4.1.x86_64
Jul 28 15:39:41 Installed: m4-1.4.16-10.el7.x86_64
Jul 28 15:39:41 Installed: apr-util-1.5.2-6.el7.x86_64
Jul 28 15:39:41 Installed: unzip-6.0-19.el7.x86_64
Jul 28 15:39:42 Installed: patch-2.7.1-10.el7_5.x86_64
Jul 28 15:39:42 Installed: 1:perl-Error-0.17020-2.el7.noarch
Jul 28 15:39:42 Installed: boost-system-1.53.0-27.el7.x86_64
Jul 28 15:39:42 Installed: perl-Thread-Queue-3.02-2.el7.noarch
Jul 28 15:39:42 Installed: zip-3.0-11.el7.x86_64
Jul 28 15:39:42 Installed: boost-thread-1.53.0-27.el7.x86_64
Jul 28 15:39:42 Installed: libgfortran-4.8.5-36.el7_6.2.x86_64
Jul 28 15:39:42 Installed: cpp-4.8.5-36.el7_6.2.x86_64
Jul 28 15:39:43 Installed: elfutils-0.172-2.el7.x86_64
Jul 28 15:39:43 Installed: dwz-0.11-3.el7.x86_64
Jul 28 15:39:43 Installed: perl-TermReadKey-2.30-20.el7.x86_64
Jul 28 15:39:44 Installed: git-1.8.3.1-20.el7.x86_64
Jul 28 15:39:44 Installed: perl-Git-1.8.3.1-20.el7.noarch
Jul 28 15:39:45 Installed: libstdc++-devel-4.8.5-36.el7_6.2.x86_64
Jul 28 15:39:45 Installed: efivar-libs-36-11.el7_6.1.x86_64
Jul 28 15:39:45 Installed: mokutil-15-2.el7.centos.x86_64
Jul 28 15:39:45 Installed: pakchois-0.4-10.el7.x86_64
Jul 28 15:39:45 Installed: perl-Data-Dumper-2.145-3.el7.x86_64
Jul 28 15:39:45 Installed: autoconf-2.69-11.el7.noarch
Jul 28 15:39:45 Installed: perl-srpm-macros-1-8.el7.noarch
Jul 28 15:39:45 Installed: redhat-rpm-config-9.1.0-87.el7.centos.noarch
Jul 28 15:39:45 Installed: boost-date-time-1.53.0-27.el7.x86_64
Jul 28 15:39:45 Installed: libmodman-2.0.1-8.el7.x86_64
Jul 28 15:39:45 Installed: libproxy-0.4.11-11.el7.x86_64
Jul 28 15:39:45 Installed: gettext-common-devel-0.19.8.1-2.el7.noarch
Jul 28 15:39:45 Installed: gettext-devel-0.19.8.1-2.el7.x86_64
Jul 28 15:39:46 Installed: gdb-7.6.1-114.el7.x86_64
Jul 28 15:39:46 Installed: perl-Test-Harness-3.28-3.el7.noarch
Jul 28 15:39:46 Installed: automake-1.13.4-3.el7.noarch
Jul 28 15:39:46 Installed: nettle-2.7.1-8.el7.x86_64
Jul 28 15:39:47 Installed: kernel-headers-3.10.0-957.21.3.el7.x86_64
Jul 28 15:39:47 Installed: glibc-headers-2.17-260.el7_6.6.x86_64
Jul 28 15:39:47 Installed: glibc-devel-2.17-260.el7_6.6.x86_64
Jul 28 15:39:48 Installed: gcc-4.8.5-36.el7_6.2.x86_64
Jul 28 15:39:48 Installed: libquadmath-devel-4.8.5-36.el7_6.2.x86_64
Jul 28 15:39:48 Installed: 1:emacs-filesystem-24.3-22.el7.noarch
Jul 28 15:39:48 Installed: libdwarf-20130207-4.el7.x86_64
Jul 28 15:39:49 Installed: dyninst-9.3.1-2.el7.x86_64
Jul 28 15:39:49 Installed: systemtap-runtime-3.3-3.el7.x86_64
Jul 28 15:39:51 Installed: systemtap-client-3.3-3.el7.x86_64
Jul 28 15:40:19 Installed: kernel-debug-devel-3.10.0-957.21.3.el7.x86_64
Jul 28 15:40:20 Installed: systemtap-devel-3.3-3.el7.x86_64
Jul 28 15:40:20 Installed: perl-XML-Parser-2.41-10.el7.x86_64
Jul 28 15:40:20 Installed: trousers-0.3.14-2.el7.x86_64
Jul 28 15:40:20 Installed: gnutls-3.3.29-9.el7_6.x86_64
Jul 28 15:40:20 Installed: neon-0.30.0-3.el7.x86_64
Jul 28 15:40:20 Installed: subversion-libs-1.7.14-14.el7.x86_64
Jul 28 15:40:21 Installed: subversion-1.7.14-14.el7.x86_64
Jul 28 15:40:21 Installed: intltool-0.50.2-7.el7.noarch
Jul 28 15:40:21 Installed: systemtap-3.3-3.el7.x86_64
Jul 28 15:40:21 Installed: cscope-15.8-10.el7.x86_64
Jul 28 15:40:21 Installed: gcc-gfortran-4.8.5-36.el7_6.2.x86_64
Jul 28 15:40:22 Installed: libtool-2.4.2-22.el7_3.x86_64
Jul 28 15:40:22 Installed: gcc-c++-4.8.5-36.el7_6.2.x86_64
Jul 28 15:40:22 Installed: rpm-build-4.11.3-35.el7.x86_64
Jul 28 15:40:22 Installed: flex-2.5.37-6.el7.x86_64
Jul 28 15:40:23 Installed: bison-3.0.4-2.el7.x86_64
Jul 28 15:40:23 Installed: diffstat-1.57-4.el7.x86_64
Jul 28 15:40:23 Installed: patchutils-0.3.3-4.el7.x86_64
Jul 28 15:40:23 Installed: indent-2.2.11-13.el7.x86_64
Jul 28 15:40:23 Installed: rpm-sign-4.11.3-35.el7.x86_64
Jul 28 15:40:23 Installed: swig-2.0.10-5.el7.x86_64
Jul 28 15:40:23 Installed: rcs-5.9.0-5.el7.x86_64
Jul 28 15:40:25 Installed: 1:doxygen-1.8.5-3.el7.x86_64
Jul 28 15:40:25 Installed: byacc-1.9.20130304-3.el7.x86_64
Jul 28 15:40:25 Installed: ctags-5.8-13.el7.x86_64
