[    0.000000] Linux version 4.15.0-70-generic (buildd@lgw01-amd64-055) (gcc version 7.4.0 (Ubuntu 7.4.0-1ubuntu1~18.04.1)) #79-Ubuntu SMP Tue Nov 12 10:36:11 UTC 2019 (Ubuntu 4.15.0-70.79-generic 4.15.18)
[    0.000000] Command line: BOOT_IMAGE=/boot/vmlinuz-4.15.0-70-generic root=LABEL=cloudimg-rootfs ro console=tty1 console=ttyS0
[    0.000000] KERNEL supported cpus:
[    0.000000]   Intel GenuineIntel
[    0.000000]   AMD AuthenticAMD
[    0.000000]   Centaur CentaurHauls
[    0.000000] x86/fpu: Supporting XSAVE feature 0x001: 'x87 floating point registers'
[    0.000000] x86/fpu: Supporting XSAVE feature 0x002: 'SSE registers'
[    0.000000] x86/fpu: Supporting XSAVE feature 0x004: 'AVX registers'
[    0.000000] x86/fpu: xstate_offset[2]:  576, xstate_sizes[2]:  256
[    0.000000] x86/fpu: Enabled xstate features 0x7, context size is 832 bytes, using 'standard' format.
[    0.000000] e820: BIOS-provided physical RAM map:
[    0.000000] BIOS-e820: [mem 0x0000000000000000-0x000000000009fbff] usable
[    0.000000] BIOS-e820: [mem 0x000000000009fc00-0x000000000009ffff] reserved
[    0.000000] BIOS-e820: [mem 0x00000000000f0000-0x00000000000fffff] reserved
[    0.000000] BIOS-e820: [mem 0x0000000000100000-0x000000007ffeffff] usable
[    0.000000] BIOS-e820: [mem 0x000000007fff0000-0x000000007fffffff] ACPI data
[    0.000000] BIOS-e820: [mem 0x00000000fec00000-0x00000000fec00fff] reserved
[    0.000000] BIOS-e820: [mem 0x00000000fee00000-0x00000000fee00fff] reserved
[    0.000000] BIOS-e820: [mem 0x00000000fffc0000-0x00000000ffffffff] reserved
[    0.000000] NX (Execute Disable) protection: active
[    0.000000] SMBIOS 2.5 present.
[    0.000000] DMI: innotek GmbH VirtualBox/VirtualBox, BIOS VirtualBox 12/01/2006
[    0.000000] Hypervisor detected: KVM
[    0.000000] e820: last_pfn = 0x7fff0 max_arch_pfn = 0x400000000
[    0.000000] MTRR: Disabled
[    0.000000] x86/PAT: MTRRs disabled, skipping PAT initialization too.
[    0.000000] CPU MTRRs all blank - virtualized system.
[    0.000000] x86/PAT: Configuration [0-7]: WB  WT  UC- UC  WB  WT  UC- UC  
[    0.000000] found SMP MP-table at [mem 0x0009fff0-0x0009ffff]
[    0.000000] Scanning 1 areas for low memory corruption
[    0.000000] RAMDISK: [mem 0x35a89000-0x36d3bfff]
[    0.000000] ACPI: Early table checksum verification disabled
[    0.000000] ACPI: RSDP 0x00000000000E0000 000024 (v02 VBOX  )
[    0.000000] ACPI: XSDT 0x000000007FFF0030 00003C (v01 VBOX   VBOXXSDT 00000001 ASL  00000061)
[    0.000000] ACPI: FACP 0x000000007FFF00F0 0000F4 (v04 VBOX   VBOXFACP 00000001 ASL  00000061)
[    0.000000] ACPI: DSDT 0x000000007FFF0470 0022EA (v02 VBOX   VBOXBIOS 00000002 INTL 20181213)
[    0.000000] ACPI: FACS 0x000000007FFF0200 000040
[    0.000000] ACPI: FACS 0x000000007FFF0200 000040
[    0.000000] ACPI: APIC 0x000000007FFF0240 00005C (v02 VBOX   VBOXAPIC 00000001 ASL  00000061)
[    0.000000] ACPI: SSDT 0x000000007FFF02A0 0001CC (v01 VBOX   VBOXCPUT 00000002 INTL 20181213)
[    0.000000] No NUMA configuration found
[    0.000000] Faking a node at [mem 0x0000000000000000-0x000000007ffeffff]
[    0.000000] NODE_DATA(0) allocated [mem 0x7ffc5000-0x7ffeffff]
[    0.000000] kvm-clock: cpu 0, msr 0:7ff44001, primary cpu clock
[    0.000000] kvm-clock: Using msrs 4b564d01 and 4b564d00
[    0.000000] kvm-clock: using sched offset of 3616692075 cycles
[    0.000000] clocksource: kvm-clock: mask: 0xffffffffffffffff max_cycles: 0x1cd42e4dffb, max_idle_ns: 881590591483 ns
[    0.000000] Zone ranges:
[    0.000000]   DMA      [mem 0x0000000000001000-0x0000000000ffffff]
[    0.000000]   DMA32    [mem 0x0000000001000000-0x000000007ffeffff]
[    0.000000]   Normal   empty
[    0.000000]   Device   empty
[    0.000000] Movable zone start for each node
[    0.000000] Early memory node ranges
[    0.000000]   node   0: [mem 0x0000000000001000-0x000000000009efff]
[    0.000000]   node   0: [mem 0x0000000000100000-0x000000007ffeffff]
[    0.000000] Reserved but unavailable: 98 pages
[    0.000000] Initmem setup node 0 [mem 0x0000000000001000-0x000000007ffeffff]
[    0.000000] ACPI: PM-Timer IO Port: 0x4008
[    0.000000] IOAPIC[0]: apic_id 2, version 32, address 0xfec00000, GSI 0-23
[    0.000000] ACPI: INT_SRC_OVR (bus 0 bus_irq 0 global_irq 2 dfl dfl)
[    0.000000] ACPI: INT_SRC_OVR (bus 0 bus_irq 9 global_irq 9 low level)
[    0.000000] Using ACPI (MADT) for SMP configuration information
[    0.000000] smpboot: Allowing 2 CPUs, 0 hotplug CPUs
[    0.000000] PM: Registered nosave memory: [mem 0x00000000-0x00000fff]
[    0.000000] PM: Registered nosave memory: [mem 0x0009f000-0x0009ffff]
[    0.000000] PM: Registered nosave memory: [mem 0x000a0000-0x000effff]
[    0.000000] PM: Registered nosave memory: [mem 0x000f0000-0x000fffff]
[    0.000000] e820: [mem 0x80000000-0xfebfffff] available for PCI devices
[    0.000000] Booting paravirtualized kernel on KVM
[    0.000000] clocksource: refined-jiffies: mask: 0xffffffff max_cycles: 0xffffffff, max_idle_ns: 7645519600211568 ns
[    0.000000] random: get_random_bytes called from start_kernel+0x99/0x4fd with crng_init=0
[    0.000000] setup_percpu: NR_CPUS:8192 nr_cpumask_bits:2 nr_cpu_ids:2 nr_node_ids:1
[    0.000000] percpu: Embedded 45 pages/cpu s147456 r8192 d28672 u1048576
[    0.000000] PV qspinlock hash table entries: 256 (order: 0, 4096 bytes)
[    0.000000] Built 1 zonelists, mobility grouping on.  Total pages: 515961
[    0.000000] Policy zone: DMA32
[    0.000000] Kernel command line: BOOT_IMAGE=/boot/vmlinuz-4.15.0-70-generic root=LABEL=cloudimg-rootfs ro console=tty1 console=ttyS0
[    0.000000] Memory: 2015632K/2096696K available (12300K kernel code, 2481K rwdata, 4264K rodata, 2432K init, 2388K bss, 81064K reserved, 0K cma-reserved)
[    0.000000] SLUB: HWalign=64, Order=0-3, MinObjects=0, CPUs=2, Nodes=1
[    0.000000] Kernel/User page tables isolation: enabled
[    0.000000] ftrace: allocating 39315 entries in 154 pages
[    0.004000] Hierarchical RCU implementation.
[    0.004000] 	RCU restricting CPUs from NR_CPUS=8192 to nr_cpu_ids=2.
[    0.004000] 	Tasks RCU enabled.
[    0.004000] RCU: Adjusting geometry for rcu_fanout_leaf=16, nr_cpu_ids=2
[    0.004000] NR_IRQS: 524544, nr_irqs: 440, preallocated irqs: 16
[    0.004000] Console: colour VGA+ 80x25
[    0.004000] console [tty1] enabled
[    0.004000] console [ttyS0] enabled
[    0.004000] ACPI: Core revision 20170831
[    0.004000] ACPI: 2 ACPI AML tables successfully acquired and loaded
[    0.004000] APIC: Switch to symmetric I/O mode setup
[    0.004000] x2apic enabled
[    0.004000] Switched APIC routing to physical x2apic.
[    0.004000] ..TIMER: vector=0x30 apic1=0 pin1=2 apic2=-1 pin2=-1
[    0.004006] tsc: Detected 3392.292 MHz processor
[    0.004855] Calibrating delay loop (skipped) preset value.. 6784.58 BogoMIPS (lpj=13569168)
[    0.005494] pid_max: default: 32768 minimum: 301
[    0.008017] Security Framework initialized
[    0.008714] Yama: becoming mindful.
[    0.009440] AppArmor: AppArmor initialized
[    0.010504] Dentry cache hash table entries: 262144 (order: 9, 2097152 bytes)
[    0.011796] Inode-cache hash table entries: 131072 (order: 8, 1048576 bytes)
[    0.012025] Mount-cache hash table entries: 4096 (order: 3, 32768 bytes)
[    0.013107] Mountpoint-cache hash table entries: 4096 (order: 3, 32768 bytes)
[    0.016274] Last level iTLB entries: 4KB 512, 2MB 8, 4MB 8
[    0.017420] Last level dTLB entries: 4KB 512, 2MB 32, 4MB 32, 1GB 0
[    0.018681] Spectre V1 : Mitigation: usercopy/swapgs barriers and __user pointer sanitization
[    0.020010] Spectre V2 : Mitigation: Full generic retpoline
[    0.021025] Spectre V2 : Spectre v2 / SpectreRSB mitigation: Filling RSB on context switch
[    0.022805] Speculative Store Bypass: Vulnerable
[    0.024022] MDS: Vulnerable: Clear CPU buffers attempted, no microcode
[    0.025220] Freeing SMP alternatives memory: 36K
[    0.135952] APIC calibration not consistent with PM-Timer: 103ms instead of 100ms
[    0.136000] APIC delta adjusted to PM-Timer: 6249421 (6466311)
[    0.136097] smpboot: CPU0: Intel(R) Core(TM) i3-3240 CPU @ 3.40GHz (family: 0x6, model: 0x3a, stepping: 0x9)
[    0.138220] Performance Events: unsupported p6 CPU model 58 no PMU driver, software events only.
[    0.140005] Hierarchical SRCU implementation.
[    0.141772] NMI watchdog: Perf event create on CPU 0 failed with -2
[    0.143061] NMI watchdog: Perf NMI watchdog permanently disabled
[    0.144116] smp: Bringing up secondary CPUs ...
[    0.145279] x86: Booting SMP configuration:
[    0.146190] .... node  #0, CPUs:      #1
[    0.004000] kvm-clock: cpu 1, msr 0:7ff44041, secondary cpu clock
[    0.150669] smp: Brought up 1 node, 2 CPUs
[    0.150669] smpboot: Max logical packages: 1
[    0.152017] smpboot: Total of 2 processors activated (13569.16 BogoMIPS)
[    0.156006] devtmpfs: initialized
[    0.156951] x86/mm: Memory block size: 128MB
[    0.158243] evm: security.selinux
[    0.159006] evm: security.SMACK64
[    0.159727] evm: security.SMACK64EXEC
[    0.160012] evm: security.SMACK64TRANSMUTE
[    0.161681] evm: security.SMACK64MMAP
[    0.162520] evm: security.apparmor
[    0.163298] evm: security.ima
[    0.164011] evm: security.capability
[    0.165109] clocksource: jiffies: mask: 0xffffffff max_cycles: 0xffffffff, max_idle_ns: 7645041785100000 ns
[    0.168036] futex hash table entries: 512 (order: 3, 32768 bytes)
[    0.169384] pinctrl core: initialized pinctrl subsystem
[    0.170627] RTC time: 20:41:10, date: 11/26/19
[    0.172319] NET: Registered protocol family 16
[    0.173404] audit: initializing netlink subsys (disabled)
[    0.174575] audit: type=2000 audit(1574800876.297:1): state=initialized audit_enabled=0 res=1
[    0.176157] cpuidle: using governor ladder
[    0.177594] cpuidle: using governor menu
[    0.180092] ACPI: bus type PCI registered
[    0.181349] acpiphp: ACPI Hot Plug PCI Controller Driver version: 0.5
[    0.183068] PCI: Using configuration type 1 for base access
[    0.185742] HugeTLB registered 2.00 MiB page size, pre-allocated 0 pages
[    0.188168] ACPI: Added _OSI(Module Device)
[    0.188945] ACPI: Added _OSI(Processor Device)
[    0.189807] ACPI: Added _OSI(3.0 _SCP Extensions)
[    0.190700] ACPI: Added _OSI(Processor Aggregator Device)
[    0.192009] ACPI: Added _OSI(Linux-Dell-Video)
[    0.192879] ACPI: Added _OSI(Linux-Lenovo-NV-HDMI-Audio)
[    0.193983] ACPI: Added _OSI(Linux-HPI-Hybrid-Graphics)
[    0.196153] ACPI: Executed 1 blocks of module-level executable AML code
[    0.202589] ACPI: Interpreter enabled
[    0.203422] ACPI: (supports S0 S5)
[    0.204009] ACPI: Using IOAPIC for interrupt routing
[    0.205514] PCI: Using host bridge windows from ACPI; if necessary, use "pci=nocrs" and report a bug
[    0.207497] ACPI: Enabled 2 GPEs in block 00 to 07
[    0.216788] ACPI: PCI Root Bridge [PCI0] (domain 0000 [bus 00-ff])
[    0.217903] acpi PNP0A03:00: _OSC: OS supports [ASPM ClockPM Segments MSI]
[    0.219772] acpi PNP0A03:00: _OSC: not requesting OS control; OS requires [ExtendedConfig ASPM ClockPM MSI]
[    0.220019] acpi PNP0A03:00: fail to add MMCONFIG information, can't access extended PCI configuration space under this bridge.
[    0.222401] PCI host bridge to bus 0000:00
[    0.224009] pci_bus 0000:00: root bus resource [io  0x0000-0x0cf7 window]
[    0.226277] pci_bus 0000:00: root bus resource [io  0x0d00-0xffff window]
[    0.228013] pci_bus 0000:00: root bus resource [mem 0x000a0000-0x000bffff window]
[    0.229249] pci_bus 0000:00: root bus resource [mem 0x80000000-0xfdffffff window]
[    0.232013] pci_bus 0000:00: root bus resource [bus 00-ff]
[    0.236624] pci 0000:00:01.1: legacy IDE quirk: reg 0x10: [io  0x01f0-0x01f7]
[    0.238732] pci 0000:00:01.1: legacy IDE quirk: reg 0x14: [io  0x03f6]
[    0.239858] pci 0000:00:01.1: legacy IDE quirk: reg 0x18: [io  0x0170-0x0177]
[    0.240009] pci 0000:00:01.1: legacy IDE quirk: reg 0x1c: [io  0x0376]
[    0.282269] pci 0000:00:07.0: quirk: [io  0x4000-0x403f] claimed by PIIX4 ACPI
[    0.284000] pci 0000:00:07.0: quirk: [io  0x4100-0x410f] claimed by PIIX4 SMB
[    0.310741] ACPI: PCI Interrupt Link [LNKA] (IRQs 5 9 10 *11)
[    0.312581] ACPI: PCI Interrupt Link [LNKB] (IRQs 5 9 *10 11)
[    0.314113] ACPI: PCI Interrupt Link [LNKC] (IRQs 5 *9 10 11)
[    0.315628] ACPI: PCI Interrupt Link [LNKD] (IRQs 5 9 10 *11)
[    0.316666] SCSI subsystem initialized
[    0.317581] pci 0000:00:02.0: vgaarb: setting as boot VGA device
[    0.317581] pci 0000:00:02.0: vgaarb: VGA device added: decodes=io+mem,owns=io+mem,locks=none
[    0.320027] pci 0000:00:02.0: vgaarb: bridge control possible
[    0.321170] vgaarb: loaded
[    0.321879] ACPI: bus type USB registered
[    0.324063] usbcore: registered new interface driver usbfs
[    0.325162] usbcore: registered new interface driver hub
[    0.327784] usbcore: registered new device driver usb
[    0.328143] EDAC MC: Ver: 3.0.0
[    0.332243] PCI: Using ACPI for IRQ routing
[    0.333098] NetLabel: Initializing
[    0.333746] NetLabel:  domain hash size = 128
[    0.336004] NetLabel:  protocols = UNLABELED CIPSOv4 CALIPSO
[    0.337034] NetLabel:  unlabeled traffic allowed by default
[    0.338174] clocksource: Switched to clocksource kvm-clock
[    0.346573] VFS: Disk quotas dquot_6.6.0
[    0.347392] VFS: Dquot-cache hash table entries: 512 (order 0, 4096 bytes)
[    0.348725] AppArmor: AppArmor Filesystem Enabled
[    0.349622] pnp: PnP ACPI init
[    0.351167] pnp: PnP ACPI: found 3 devices
[    0.360820] clocksource: acpi_pm: mask: 0xffffff max_cycles: 0xffffff, max_idle_ns: 2085701024 ns
[    0.362462] NET: Registered protocol family 2
[    0.363563] TCP established hash table entries: 16384 (order: 5, 131072 bytes)
[    0.365592] TCP bind hash table entries: 16384 (order: 6, 262144 bytes)
[    0.366795] TCP: Hash tables configured (established 16384 bind 16384)
[    0.368527] UDP hash table entries: 1024 (order: 3, 32768 bytes)
[    0.369634] UDP-Lite hash table entries: 1024 (order: 3, 32768 bytes)
[    0.370794] NET: Registered protocol family 1
[    0.372409] pci 0000:00:00.0: Limiting direct PCI/PCI transfers
[    0.375356] pci 0000:00:01.0: Activating ISA DMA hang workarounds
[    0.376995] pci 0000:00:02.0: Video device with shadowed ROM at [mem 0x000c0000-0x000dffff]
[    0.379123] Unpacking initramfs...
[    0.621360] Freeing initrd memory: 19148K
[    0.622289] clocksource: tsc: mask: 0xffffffffffffffff max_cycles: 0x30e5dd94d34, max_idle_ns: 440795304975 ns
[    0.624129] platform rtc_cmos: registered platform RTC device (no PNP device found)
[    0.625514] Scanning for low memory corruption every 60 seconds
[    0.627265] Initialise system trusted keyrings
[    0.628057] Key type blacklist registered
[    0.628830] workingset: timestamp_bits=36 max_order=19 bucket_order=0
[    0.632550] zbud: loaded
[    0.633599] squashfs: version 4.0 (2009/01/31) Phillip Lougher
[    0.634862] fuse init (API version 7.26)
[    0.638853] Key type asymmetric registered
[    0.639811] Asymmetric key parser 'x509' registered
[    0.640720] Block layer SCSI generic (bsg) driver version 0.4 loaded (major 246)
[    0.641984] io scheduler noop registered
[    0.642707] io scheduler deadline registered
[    0.643579] io scheduler cfq registered (default)
[    0.644886] ACPI: AC Adapter [AC] (on-line)
[    0.645712] input: Power Button as /devices/LNXSYSTM:00/LNXPWRBN:00/input/input0
[    0.647147] ACPI: Power Button [PWRF]
[    0.647857] input: Sleep Button as /devices/LNXSYSTM:00/LNXSLPBN:00/input/input1
[    0.649202] ACPI: Sleep Button [SLPF]
[    0.650246] Serial: 8250/16550 driver, 32 ports, IRQ sharing enabled
[    0.672334] 00:02: ttyS0 at I/O 0x3f8 (irq = 4, base_baud = 115200) is a 16550A
[    0.676545] Linux agpgart interface v0.103
[    0.679174] loop: module loaded
[    0.680699] scsi host0: ata_piix
[    0.681631] scsi host1: ata_piix
[    0.682401] ata1: PATA max UDMA/33 cmd 0x1f0 ctl 0x3f6 bmdma 0xd000 irq 14
[    0.684678] ata2: PATA max UDMA/33 cmd 0x170 ctl 0x376 bmdma 0xd008 irq 15
[    0.687419] libphy: Fixed MDIO Bus: probed
[    0.688181] tun: Universal TUN/TAP device driver, 1.6
[    0.689214] PPP generic driver version 2.4.2
[    0.690157] ehci_hcd: USB 2.0 'Enhanced' Host Controller (EHCI) Driver
[    0.691019] ehci-pci: EHCI PCI platform driver
[    0.696097] ehci-platform: EHCI generic platform driver
[    0.697125] ohci_hcd: USB 1.1 'Open' Host Controller (OHCI) Driver
[    0.698374] ohci-pci: OHCI PCI platform driver
[    0.699314] ohci-platform: OHCI generic platform driver
[    0.700344] uhci_hcd: USB Universal Host Controller Interface driver
[    0.701605] i8042: PNP: PS/2 Controller [PNP0303:PS2K,PNP0f03:PS2M] at 0x60,0x64 irq 1,12
[    0.704229] serio: i8042 KBD port at 0x60,0x64 irq 1
[    0.705918] serio: i8042 AUX port at 0x60,0x64 irq 12
[    0.707384] mousedev: PS/2 mouse device common for all mice
[    0.709226] input: AT Translated Set 2 keyboard as /devices/platform/i8042/serio0/input/input2
[    0.711400] rtc_cmos rtc_cmos: rtc core: registered rtc_cmos as rtc0
[    0.712853] rtc_cmos rtc_cmos: alarms up to one day, 114 bytes nvram
[    0.713875] i2c /dev entries driver
[    0.714403] device-mapper: uevent: version 1.0.3
[    0.715133] device-mapper: ioctl: 4.37.0-ioctl (2017-09-20) initialised: dm-devel@redhat.com
[    0.716954] ledtrig-cpu: registered to indicate activity on CPUs
[    0.718655] NET: Registered protocol family 10
[    0.723948] Segment Routing with IPv6
[    0.724977] NET: Registered protocol family 17
[    0.726003] Key type dns_resolver registered
[    0.727415] mce: Using 0 MCE banks
[    0.728104] RAS: Correctable Errors collector initialized.
[    0.729190] sched_clock: Marking stable (728076525, 0)->(895563698, -167487173)
[    0.731343] registered taskstats version 1
[    0.732132] Loading compiled-in X.509 certificates
[    0.736005] Loaded X.509 cert 'Build time autogenerated kernel key: 1859b0531897959199376c446a0bd70df75fd1fc'
[    0.737896] zswap: loaded using pool lzo/zbud
[    0.746379] Key type big_key registered
[    0.747270] Key type trusted registered
[    0.750833] Key type encrypted registered
[    0.751698] AppArmor: AppArmor sha1 policy hashing enabled
[    0.752878] ima: No TPM chip found, activating TPM-bypass! (rc=-19)
[    0.753824] ima: Allocated hash algorithm: sha1
[    0.754467] evm: HMAC attrs: 0x1
[    0.755293]   Magic number: 11:241:701
[    0.757394] rtc_cmos rtc_cmos: setting system clock to 2019-11-26 20:41:11 UTC (1574800871)
[    0.759696] BIOS EDD facility v0.16 2004-Jun-25, 0 devices found
[    0.760735] EDD information not available.
[    0.848940] Freeing unused kernel image memory: 2432K
[    0.867232] Write protecting the kernel read-only data: 20480k
[    0.870456] Freeing unused kernel image memory: 2008K
[    0.873956] Freeing unused kernel image memory: 1880K
[    0.883550] x86/mm: Checked W+X mappings: passed, no W+X pages found.
[    0.884907] x86/mm: Checking user space page tables
[    0.892423] x86/mm: Checked W+X mappings: passed, no W+X pages found.
Loading, please wait...
starting version 237
[    0.996123] Fusion MPT base driver 3.04.20
[    0.997104] Copyright (c) 1999-2008 LSI Corporation
[    0.999886] e1000: Intel(R) PRO/1000 Network Driver - version 7.3.21-k8-NAPI
[    1.001365] e1000: Copyright (c) 1999-2006 Intel Corporation.
[    1.014519] Fusion MPT SPI Host driver 3.04.20
[    1.209783] input: ImExPS/2 Generic Explorer Mouse as /devices/platform/i8042/serio1/input/input4
[    1.371720] e1000 0000:00:03.0 eth0: (PCI:33MHz:32-bit) 02:83:96:c1:64:f9
[    1.373420] e1000 0000:00:03.0 eth0: Intel(R) PRO/1000 Network Connection
[    1.376158] mptbase: ioc0: Initiating bringup
[    1.472430] ioc0: LSI53C1030 A0: Capabilities={Initiator}
[    1.715373] scsi host2: ioc0: LSI53C1030 A0, FwRev=00000000h, Ports=1, MaxQ=256, IRQ=20
[    1.888537] scsi 2:0:0:0: Direct-Access     VBOX     HARDDISK         1.0  PQ: 0 ANSI: 5
[    1.920095] scsi target2:0:0: Beginning Domain Validation
[    1.924714] scsi target2:0:0: Domain Validation skipping write tests
[    1.927234] scsi target2:0:0: Ending Domain Validation
[    1.929466] scsi target2:0:0: asynchronous
[    1.930780] scsi 2:0:1:0: Direct-Access     VBOX     HARDDISK         1.0  PQ: 0 ANSI: 5
[    2.228059] scsi target2:0:1: Beginning Domain Validation
[    2.230648] random: fast init done
[    2.231611] scsi target2:0:1: Domain Validation skipping write tests
[    2.232902] scsi target2:0:1: Ending Domain Validation
[    2.233979] scsi target2:0:1: asynchronous
[    2.240133] random: systemd-udevd: uninitialized urandom read (16 bytes read)
[    2.240287] sd 2:0:0:0: Attached scsi generic sg0 type 0
[    2.241951] sd 2:0:0:0: [sda] 20971520 512-byte logical blocks: (10.7 GB/10.0 GiB)
[    2.243053] sd 2:0:1:0: Attached scsi generic sg1 type 0
[    2.246785] random: systemd-udevd: uninitialized urandom read (16 bytes read)
[    2.250531] random: systemd-udevd: uninitialized urandom read (16 bytes read)
[    2.251861] sd 2:0:1:0: [sdb] 20480 512-byte logical blocks: (10.5 MB/10.0 MiB)
[    2.252061] sd 2:0:0:0: [sda] Write Protect is off
[    2.256343] sd 2:0:1:0: [sdb] Write Protect is off
[    2.257814] sd 2:0:1:0: [sdb] Incomplete mode parameter data
[    2.258867] sd 2:0:1:0: [sdb] Assuming drive cache: write through
[    2.260656] sd 2:0:0:0: [sda] Incomplete mode parameter data
[    2.261656] sd 2:0:0:0: [sda] Assuming drive cache: write through
[    2.272250] e1000 0000:00:08.0 eth1: (PCI:33MHz:32-bit) 08:00:27:dd:52:a5
[    2.274000] e1000 0000:00:08.0 eth1: Intel(R) PRO/1000 Network Connection
[    2.276597] e1000 0000:00:08.0 enp0s8: renamed from eth1
[    2.290029]  sda: sda1
[    2.292555] e1000 0000:00:03.0 enp0s3: renamed from eth0
[    2.292756] sd 2:0:0:0: [sda] Attached SCSI disk
[    2.310635] sd 2:0:1:0: [sdb] Attached SCSI disk
Begin: Loading essential drivers ... [    3.807061] raid6: sse2x1   gen() 10268 MB/s
[    3.857118] raid6: sse2x1   xor()  6573 MB/s
[    3.907106] raid6: sse2x2   gen() 10936 MB/s
[    3.957058] raid6: sse2x2   xor()  8478 MB/s
[    4.004346] raid6: sse2x4   gen() 13388 MB/s
[    4.057037] raid6: sse2x4   xor()  8536 MB/s
[    4.057929] raid6: using algorithm sse2x4 gen() 13388 MB/s
[    4.059006] raid6: .... xor() 8536 MB/s, rmw enabled
[    4.060053] raid6: using ssse3x2 recovery algorithm
[    4.063118] xor: automatically using best checksumming function   avx       
[    4.066538] async_tx: api initialized (async)
done.
Begin: Running /scripts/init-premount ... done.
Begin: Mounting root file system ... Begin: Running /scripts/local-top ... done.
Begin: Running /scripts/local-premount ... [    4.123232] Btrfs loaded, crc32c=crc32c-intel
Scanning for Btrfs filesystems
done.
Warning: fsck not present, so skipping root file system
[    4.208052] EXT4-fs (sda1): mounted filesystem with ordered data mode. Opts: (null)
done.
Begin: Running /scripts/local-bottom ... done.
Begin: Running /scripts/init-bottom ... done.
[    4.496164] ip_tables: (C) 2000-2006 Netfilter Core Team
[    4.511096] systemd[1]: systemd 237 running in system mode. (+PAM +AUDIT +SELINUX +IMA +APPARMOR +SMACK +SYSVINIT +UTMP +LIBCRYPTSETUP +GCRYPT +GNUTLS +ACL +XZ +LZ4 +SECCOMP +BLKID +ELFUTILS +KMOD -IDN2 +IDN -PCRE2 default-hierarchy=hybrid)
[    4.516942] systemd[1]: Detected virtualization oracle.
[    4.518446] systemd[1]: Detected architecture x86-64.

Welcome to [1mUbuntu 18.04.3 LTS[0m!

[    4.524716] systemd[1]: Set hostname to <ubuntu>.
[    4.529034] systemd[1]: Initializing machine ID from random generator.
[    4.530551] systemd[1]: Installed transient /etc/machine-id file.
